Arguments: 
  C:\Program Files\nodejs\node.exe C:\Users\Luan\AppData\Roaming\npm\node_modules\yarn\bin\yarn.js create-react-app pokemon_master --template typescript

PATH: 
  C:\Python311\Scripts\;C:\Python311\;C:\WINDOWS\system32;C:\WINDOWS;C:\WINDOWS\System32\Wbem;C:\WINDOWS\System32\WindowsPowerShell\v1.0\;C:\Program Files\nodejs\;C:\ProgramData\chocolatey\bin;D:\Program Files\Git\cmd;C:\Program Files (x86)\dotnet\;D:\Program Files\Amazon\AWSCLIV2\;C:\WINDOWS\System32\OpenSSH\;C:\Program Files\Docker\Docker\resources\bin;D:\Program Files\Calibre2\;C:\Program Files\dotnet\;C:\Program Files (x86)\Common Files\Intel\Shared Libraries\redist\intel64_win\compiler;C:\Users\Luan\AppData\Local\Microsoft\WindowsApps;;C:\Users\Luan\AppData\Local\Programs\Microsoft VS Code\bin;C:\Program Files\JetBrains\IntelliJ IDEA Community Edition 2022.2.3\bin;;C:\Users\Luan\AppData\Roaming\npm

Yarn version: 
  1.22.19

Node version: 
  18.12.1

Platform: 
  win32 x64

Trace: 
  SyntaxError: D:\Users\Luan\Documents\Estudos\pokemon-react-typescrit\package.json: Unexpected end of JSON input
      at JSON.parse (<anonymous>)
      at C:\Users\Luan\AppData\Roaming\npm\node_modules\yarn\lib\cli.js:1629:59
      at Generator.next (<anonymous>)
      at step (C:\Users\Luan\AppData\Roaming\npm\node_modules\yarn\lib\cli.js:310:30)
      at C:\Users\Luan\AppData\Roaming\npm\node_modules\yarn\lib\cli.js:321:13

npm manifest: 
  

yarn manifest: 
  No manifest

Lockfile: 
  No lockfile
